<?xml version="1.0" encoding="UTF-8"?>
<!-- Generated by org.testng.reporters.JUnitReportReporter -->
<testsuite hostname="chitralekha" failures="0" tests="2" name="testNG.Maven.apiTest" time="0.025" errors="0" timestamp="2020-08-20T11:02:26 IST" skipped="0">
  <testcase classname="testNG.Maven.apiTest" name="apiTest2" time="0.005"/>
  <system-out/>
  <testcase classname="testNG.Maven.apiTest" name="apiTest1" time="0.020"/>
  <system-out/>
</testsuite> <!-- testNG.Maven.apiTest -->
