<?xml version="1.0" encoding="UTF-8"?>
<!-- Generated by org.testng.reporters.JUnitReportReporter -->
<testsuite hostname="chitralekha" failures="0" tests="2" name="testNG.Maven.SeleniumTest" time="0.005" errors="0" timestamp="2020-08-20T14:31:47 IST" skipped="0">
  <testcase classname="testNG.Maven.SeleniumTest" name="seleniumTest2" time="0.000"/>
  <system-out/>
  <testcase classname="testNG.Maven.SeleniumTest" name="seleniumTest1" time="0.005"/>
  <system-out/>
</testsuite> <!-- testNG.Maven.SeleniumTest -->
